<?xml version="1.0" encoding="UTF-8"?>
<!-- Generated by org.testng.reporters.JUnitXMLReporter -->
<testsuite hostname="user-PC" name="Test" tests="2" failures="1" timestamp="29 Sep 2014 14:06:12 GMT" time="14.657" errors="0">
  <testcase name="login" time="5.801" classname="com.selenium1.GmailLoginAndLogOut"/>
  <testcase name="logout" time="8.832" classname="com.selenium1.GmailLoginAndLogOut">
    <failure type="com.thoughtworks.selenium.Wait$WaitTimedOutException" message="Failed to load page within 3000 ms">
      <![CDATA[com.thoughtworks.selenium.Wait$WaitTimedOutException: Failed to load page within 3000 ms
	at com.thoughtworks.selenium.Wait.wait(Wait.java:98)
	at com.thoughtworks.selenium.Wait.wait(Wait.java:75)
	at com.thoughtworks.selenium.webdriven.commands.WaitForPageToLoad.handleSeleneseCommand(WaitForPageToLoad.java:79)
	at com.thoughtworks.selenium.webdriven.commands.WaitForPageToLoad.handleSeleneseCommand(WaitForPageToLoad.java:1)
	at com.thoughtworks.selenium.webdriven.SeleneseCommand.apply(SeleneseCommand.java:35)
	at com.thoughtworks.selenium.webdriven.Timer.run(Timer.java:40)
	at com.thoughtworks.selenium.webdriven.WebDriverCommandProcessor.execute(WebDriverCommandProcessor.java:143)
	at com.thoughtworks.selenium.webdriven.WebDriverCommandProcessor.doCommand(WebDriverCommandProcessor.java:73)
	at com.thoughtworks.selenium.DefaultSelenium.waitForPageToLoad(DefaultSelenium.java:678)
	at com.selenium1.GmailLoginAndLogOut.logout(GmailLoginAndLogOut.java:23)
... Removed 24 stack frames]]>
    </failure>
  </testcase> <!-- logout -->
</testsuite> <!-- Test -->
